<?xml version="1.0" encoding="UTF-8"?>
<testsuite xmlns:xsi="http://www.w3.org/2001/XMLSchema-instance" xsi:noNamespaceSchemaLocation="https://maven.apache.org/surefire/maven-surefire-plugin/xsd/surefire-test-report.xsd" name="com.grupo11.grupo11OO22023.Grupo11Oo22023ApplicationTests" time="12.131" tests="1" errors="0" skipped="0" failures="0">
  <properties>
[...]
</properties>
  <testcase name="contextLoads" classname="com.grupo11.grupo11OO22023.Grupo11Oo22023ApplicationTests" time="0.469"/>
</testsuite>